Flutter crash report.
Please report a bug at https://github.com/flutter/flutter/issues.

## command

flutter --no-color packages get

## exception

FileSystemException: FileSystemException: Deletion failed, path = 'D:\xzb\codeDemo\androiddata\my_flutter\.android' (OS Error: 另一个程序正在使用此文件，进程无法访问。
, errno = 32)

```
#0      _Directory._deleteSync (dart:io/directory_impl.dart:201:7)
#1      FileSystemEntity.deleteSync (dart:io/file_system_entity.dart:408:7)
#2      ForwardingFileSystemEntity.deleteSync (package:file/src/forwarding/forwarding_file_system_entity.dart:70:16)
#3      ErrorHandlingDirectory.deleteSync.<anonymous closure> (package:flutter_tools/src/base/error_handling_io.dart:469:22)
#4      _runSync (package:flutter_tools/src/base/error_handling_io.dart:573:14)
#5      ErrorHandlingDirectory.deleteSync (package:flutter_tools/src/base/error_handling_io.dart:468:12)
#6      _deleteIfExistsSync (package:flutter_tools/src/project.dart:1060:15)
#7      AndroidProject._regenerateLibrary (package:flutter_tools/src/project.dart:953:5)
#8      AndroidProject.ensureReadyForPlatformSpecificTooling (package:flutter_tools/src/project.dart:928:13)
#9      FlutterProject.ensureReadyForPlatformSpecificTooling (package:flutter_tools/src/project.dart:302:21)
<asynchronous suspension>
#10     PackagesGetCommand.runCommand (package:flutter_tools/src/commands/packages.dart:167:5)
<asynchronous suspension>
#11     FlutterCommand.run.<anonymous closure> (package:flutter_tools/src/runner/flutter_command.dart:1043:27)
<asynchronous suspension>
#12     AppContext.run.<anonymous closure> (package:flutter_tools/src/base/context.dart:150:19)
<asynchronous suspension>
#13     CommandRunner.runCommand (package:args/command_runner.dart:196:13)
<asynchronous suspension>
#14     FlutterCommandRunner.runCommand.<anonymous closure> (package:flutter_tools/src/runner/flutter_command_runner.dart:284:9)
<asynchronous suspension>
#15     AppContext.run.<anonymous closure> (package:flutter_tools/src/base/context.dart:150:19)
<asynchronous suspension>
#16     FlutterCommandRunner.runCommand (package:flutter_tools/src/runner/flutter_command_runner.dart:232:5)
<asynchronous suspension>
#17     run.<anonymous closure>.<anonymous closure> (package:flutter_tools/runner.dart:62:9)
<asynchronous suspension>
#18     AppContext.run.<anonymous closure> (package:flutter_tools/src/base/context.dart:150:19)
<asynchronous suspension>
#19     main (package:flutter_tools/executable.dart:91:3)
<asynchronous suspension>
```

## flutter doctor

```
[✓] Flutter (Channel stable, 2.2.0, on Microsoft Windows [Version 10.0.19042.985], locale zh-CN)
    • Flutter version 2.2.0 at D:\soft\flutter\flutter_windows_2.2.0-stable\flutter
    • Framework revision b22742018b (13 days ago), 2021-05-14 19:12:57 -0700
    • Engine revision a9d88a4d18
    • Dart version 2.13.0
    • Pub download mirror https://pub.flutter-io.cn
    • Flutter download mirror https://storage.flutter-io.cn

[✓] Android toolchain - develop for Android devices (Android SDK version 30.0.3)
    • Android SDK at C:\Users\yujan\AppData\Local\Android\sdk
    • Platform android-30, build-tools 30.0.3
    • Java binary at: D:\soft\android\tool\jre\bin\java
    • Java version OpenJDK Runtime Environment (build 1.8.0_152-release-915-b01)
    • All Android licenses accepted.

[✓] Chrome - develop for the web
    • Chrome at C:\Program Files (x86)\Google\Chrome\Application\chrome.exe

[✓] Android Studio (version 3.0)
    • Android Studio at D:\soft\android\tool
    • Flutter plugin version 23.2.1
    • Dart plugin version 171.4424
    • Java version OpenJDK Runtime Environment (build 1.8.0_152-release-915-b01)

[✓] IntelliJ IDEA Community Edition (version 2019.3)
    • IntelliJ at D:\soft\idea\IntelliJ IDEA Community Edition 2019.3.3
    • Flutter plugin can be installed from:
      🔨 https://plugins.jetbrains.com/plugin/9212-flutter
    • Dart plugin can be installed from:
      🔨 https://plugins.jetbrains.com/plugin/6351-dart

[✓] Connected device (2 available)
    • Chrome (web) • chrome • web-javascript • Google Chrome 89.0.4389.72
    • Edge (web)   • edge   • web-javascript • Microsoft Edge 90.0.818.66
    ! Device YJL4C18A19019561 is not authorized.
      You might need to check your device for an authorization dialog.

• No issues found!
```
